<?xml version="1.0" encoding="UTF-8"?>
<!-- Generated by org.testng.reporters.JUnitReportReporter -->
<testsuite hostname="Suchitas-MacBook-Air.local" failures="0" tests="3" name="SauceDemoTests.SauceTest" time="3.272" errors="0" timestamp="2025-07-14T14:27:35 IST" skipped="0">
  <testcase classname="SauceDemoTests.SauceTest" name="LoginTest" time="0.107"/>
  <testcase classname="SauceDemoTests.SauceTest" name="LoginTest" time="3.061"/>
  <testcase classname="SauceDemoTests.SauceTest" name="LoginTest" time="0.104"/>
</testsuite> <!-- SauceDemoTests.SauceTest -->
