<?xml version="1.0" encoding="UTF-8"?>
<!-- Generated by org.testng.reporters.JUnitReportReporter -->
<testsuite hostname="Suchitas-MacBook-Air.local" failures="0" tests="1" name="SampleTest" time="0.002" errors="0" timestamp="2025-07-14T12:37:41 IST" skipped="0">
  <testcase classname="SampleTest" name="test" time="0.002"/>
</testsuite> <!-- SampleTest -->
